./build/debug/bin/sqllogictest test/lab1/20*
lab1/20-delete.test lower: 20  upper: 121 501, 1, huadb_table, 5
table_oid uint 4
db_oid uint 4
table_name varchar 32
schema varchar 1024
cardinality uint 4
, 4294967295, 
TablePage[
  page_lsn: 0
  next_page_id: 4294967295
  lower: 20
  upper: 121
  slots: 
    0: offset 121, size 135 [deleted: 0, xmin: 4294967295, xmax: 4294967295, cid: 4294967295]
]

insert: 0    0

FSMPage[
97
97    0    
97    0    0    0    
97    0    0    0    0    0    0    0    
97    0    0    0    0    0    0    0    0    0    0    0    0    0    0    0    
0   4294967295   4294967295   4294967295   4294967295   4294967295   4294967295   4294967295   4294967295   4294967295   4294967295   4294967295   4294967295   4294967295   4294967295   4294967295   
search79
FSMPage[
97
97    0    
97    0    0    0    
97    0    0    0    0    0    0    0    
97    0    0    0    0    0    0    0    0    0    0    0    0    0    0    0    
0   4294967295   4294967295   4294967295   4294967295   4294967295   4294967295   4294967295   4294967295   4294967295   4294967295   4294967295   4294967295   4294967295   4294967295   4294967295   
leftchild: 1  97
rightchild: 2  0
leftchild: 3  97
rightchild: 4  0
leftchild: 7  97
rightchild: 8  0
leftchild: 15  97
rightchild: 16  0
leftchild: 31  48830
rightchild: 32  48830
search parent:15
finish 15 parent 0
FSMPage[
97
97    0    
97    0    0    0    
97    0    0    0    0    0    0    0    
97    0    0    0    0    0    0    0    0    0    0    0    0    0    0    0    
0   4294967295   4294967295   4294967295   4294967295   4294967295   4294967295   4294967295   4294967295   4294967295   4294967295   4294967295   4294967295   4294967295   4294967295   4294967295   
lower: 24  upper: 42 502, 1, huadb_database, 2
db_oid uint 4
db_name varchar 32
, 4294967295, 
TablePage[
  page_lsn: 0
  next_page_id: 4294967295
  lower: 24
  upper: 42
  slots: 
    0: offset 121, size 135 [deleted: 0, xmin: 4294967295, xmax: 4294967295, cid: 4294967295]
    1: offset 42, size 79 [deleted: 0, xmin: 4294967295, xmax: 4294967295, cid: 4294967295]
]

FSMPage[
97
97    0    
97    0    0    0    
97    0    0    0    0    0    0    0    
97    0    0    0    0    0    0    0    0    0    0    0    0    0    0    0    
0   4294967295   4294967295   4294967295   4294967295   4294967295   4294967295   4294967295   4294967295   4294967295   4294967295   4294967295   4294967295   4294967295   4294967295   4294967295   
update: 0 level_now: 0 new size: 14
FSMPage[
14
14    0    
14    0    0    0    
14    0    0    0    0    0    0    0    
14    0    0    0    0    0    0    0    0    0    0    0    0    0    0    0    
0   4294967295   4294967295   4294967295   4294967295   4294967295   4294967295   4294967295   4294967295   4294967295   4294967295   4294967295   4294967295   4294967295   4294967295   4294967295   
search124
FSMPage[
14
14    0    
14    0    0    0    
14    0    0    0    0    0    0    0    
14    0    0    0    0    0    0    0    0    0    0    0    0    0    0    0    
0   4294967295   4294967295   4294967295   4294967295   4294967295   4294967295   4294967295   4294967295   4294967295   4294967295   4294967295   4294967295   4294967295   4294967295   4294967295   
set next page id
lower: 20  upper: 132 503, 1, huadb_statistic, 4
table_name varchar 32
db_oid uint 4
column_name varchar 32
n_distinct uint 4
, 4294967295, 
TablePage[
  page_lsn: 0
  next_page_id: 4294967295
  lower: 20
  upper: 132
  slots: 
    0: offset 132, size 124 [deleted: 0, xmin: 4294967295, xmax: 4294967295, cid: 4294967295]
]

FSMPage[
14
14    0    
14    0    0    0    
14    0    0    0    0    0    0    0    
14    0    0    0    0    0    0    0    0    0    0    0    0    0    0    0    
0   4294967295   4294967295   4294967295   4294967295   4294967295   4294967295   4294967295   4294967295   4294967295   4294967295   4294967295   4294967295   4294967295   4294967295   4294967295   
insert: 1    0

update: 1 level_now: 0 new size: 108
lower: 20  upper: 230 1, system, 
TablePage[
  page_lsn: 0
  next_page_id: 4294967295
  lower: 20
  upper: 230
  slots: 
    0: offset 230, size 26 [deleted: 0, xmin: 4294967295, xmax: 4294967295, cid: 4294967295]
]

insert: 0    0

FSMPage[
206
206    0    
206    0    0    0    
206    0    0    0    0    0    0    0    
206    0    0    0    0    0    0    0    0    0    0    0    0    0    0    0    
0   4294967295   4294967295   4294967295   4294967295   4294967295   4294967295   4294967295   4294967295   4294967295   4294967295   4294967295   4294967295   4294967295   4294967295   4294967295   
search25
FSMPage[
206
206    0    
206    0    0    0    
206    0    0    0    0    0    0    0    
206    0    0    0    0    0    0    0    0    0    0    0    0    0    0    0    
0   4294967295   4294967295   4294967295   4294967295   4294967295   4294967295   4294967295   4294967295   4294967295   4294967295   4294967295   4294967295   4294967295   4294967295   4294967295   
leftchild: 1  206
rightchild: 2  0
leftchild: 3  206
rightchild: 4  0
leftchild: 7  206
rightchild: 8  0
leftchild: 15  206
rightchild: 16  0
leftchild: 31  48830
rightchild: 32  48830
search parent:15
finish 15 parent 0
FSMPage[
206
206    0    
206    0    0    0    
206    0    0    0    0    0    0    0    
206    0    0    0    0    0    0    0    0    0    0    0    0    0    0    0    
0   4294967295   4294967295   4294967295   4294967295   4294967295   4294967295   4294967295   4294967295   4294967295   4294967295   4294967295   4294967295   4294967295   4294967295   4294967295   
lower: 24  upper: 205 10000, huadb, 
TablePage[
  page_lsn: 0
  next_page_id: 4294967295
  lower: 24
  upper: 205
  slots: 
    0: offset 230, size 26 [deleted: 0, xmin: 4294967295, xmax: 4294967295, cid: 4294967295]
    1: offset 205, size 25 [deleted: 0, xmin: 4294967295, xmax: 4294967295, cid: 4294967295]
]

FSMPage[
206
206    0    
206    0    0    0    
206    0    0    0    0    0    0    0    
206    0    0    0    0    0    0    0    0    0    0    0    0    0    0    0    
0   4294967295   4294967295   4294967295   4294967295   4294967295   4294967295   4294967295   4294967295   4294967295   4294967295   4294967295   4294967295   4294967295   4294967295   4294967295   
update: 0 level_now: 0 new size: 177
FSMPage[
108
108    0    
108    0    0    0    
108    0    0    0    0    0    0    0    
14    108    0    0    0    0    0    0    0    0    0    0    0    0    0    0    
0   2   4294967295   4294967295   4294967295   4294967295   4294967295   4294967295   4294967295   4294967295   4294967295   4294967295   4294967295   4294967295   4294967295   4294967295   
search83
FSMPage[
108
108    0    
108    0    0    0    
108    0    0    0    0    0    0    0    
14    108    0    0    0    0    0    0    0    0    0    0    0    0    0    0    
0   2   4294967295   4294967295   4294967295   4294967295   4294967295   4294967295   4294967295   4294967295   4294967295   4294967295   4294967295   4294967295   4294967295   4294967295   
leftchild: 1  108
rightchild: 2  0
leftchild: 3  108
rightchild: 4  0
leftchild: 7  108
rightchild: 8  0
leftchild: 15  14
rightchild: 16  108
leftchild: 33  48830
rightchild: 34  48830
search parent:16
finish 16 parent 2
FSMPage[
108
108    0    
108    0    0    0    
108    0    0    0    0    0    0    0    
14    108    0    0    0    0    0    0    0    0    0    0    0    0    0    0    
0   2   4294967295   4294967295   4294967295   4294967295   4294967295   4294967295   4294967295   4294967295   4294967295   4294967295   4294967295   4294967295   4294967295   4294967295   
lower: 24  upper: 49 10001, 10000, test_delete, 3
id int 4
score double 8
info varchar 20
, 4294967295, 
TablePage[
  page_lsn: 0
  next_page_id: 4294967295
  lower: 24
  upper: 49
  slots: 
    0: offset 132, size 124 [deleted: 0, xmin: 4294967295, xmax: 4294967295, cid: 4294967295]
    1: offset 49, size 83 [deleted: 0, xmin: 4294967295, xmax: 4294967295, cid: 4294967295]
]

FSMPage[
108
108    0    
108    0    0    0    
108    0    0    0    0    0    0    0    
14    108    0    0    0    0    0    0    0    0    0    0    0    0    0    0    
0   2   4294967295   4294967295   4294967295   4294967295   4294967295   4294967295   4294967295   4294967295   4294967295   4294967295   4294967295   4294967295   4294967295   4294967295   
update: 1 level_now: 0 new size: 21
lower: 20  upper: 227 1, 1.1, a, 
TablePage[
  page_lsn: 0
  next_page_id: 4294967295
  lower: 20
  upper: 227
  slots: 
    0: offset 227, size 29 [deleted: 0, xmin: 4294967295, xmax: 4294967295, cid: 4294967295]
]

insert: 0    0

FSMPage[
203
203    0    
203    0    0    0    
203    0    0    0    0    0    0    0    
203    0    0    0    0    0    0    0    0    0    0    0    0    0    0    0    
0   4294967295   4294967295   4294967295   4294967295   4294967295   4294967295   4294967295   4294967295   4294967295   4294967295   4294967295   4294967295   4294967295   4294967295   4294967295   
search30
FSMPage[
203
203    0    
203    0    0    0    
203    0    0    0    0    0    0    0    
203    0    0    0    0    0    0    0    0    0    0    0    0    0    0    0    
0   4294967295   4294967295   4294967295   4294967295   4294967295   4294967295   4294967295   4294967295   4294967295   4294967295   4294967295   4294967295   4294967295   4294967295   4294967295   
leftchild: 1  203
rightchild: 2  0
leftchild: 3  203
rightchild: 4  0
leftchild: 7  203
rightchild: 8  0
leftchild: 15  203
rightchild: 16  0
leftchild: 31  48830
rightchild: 32  48830
search parent:15
finish 15 parent 0
FSMPage[
203
203    0    
203    0    0    0    
203    0    0    0    0    0    0    0    
203    0    0    0    0    0    0    0    0    0    0    0    0    0    0    0    
0   4294967295   4294967295   4294967295   4294967295   4294967295   4294967295   4294967295   4294967295   4294967295   4294967295   4294967295   4294967295   4294967295   4294967295   4294967295   
lower: 24  upper: 197 2, 2.2, bb, 
TablePage[
  page_lsn: 0
  next_page_id: 4294967295
  lower: 24
  upper: 197
  slots: 
    0: offset 227, size 29 [deleted: 0, xmin: 4294967295, xmax: 4294967295, cid: 4294967295]
    1: offset 197, size 30 [deleted: 0, xmin: 4294967295, xmax: 4294967295, cid: 4294967295]
]

FSMPage[
203
203    0    
203    0    0    0    
203    0    0    0    0    0    0    0    
203    0    0    0    0    0    0    0    0    0    0    0    0    0    0    0    
0   4294967295   4294967295   4294967295   4294967295   4294967295   4294967295   4294967295   4294967295   4294967295   4294967295   4294967295   4294967295   4294967295   4294967295   4294967295   
update: 0 level_now: 0 new size: 169
FSMPage[
169
169    0    
169    0    0    0    
169    0    0    0    0    0    0    0    
169    0    0    0    0    0    0    0    0    0    0    0    0    0    0    0    
0   4294967295   4294967295   4294967295   4294967295   4294967295   4294967295   4294967295   4294967295   4294967295   4294967295   4294967295   4294967295   4294967295   4294967295   4294967295   
search31
FSMPage[
169
169    0    
169    0    0    0    
169    0    0    0    0    0    0    0    
169    0    0    0    0    0    0    0    0    0    0    0    0    0    0    0    
0   4294967295   4294967295   4294967295   4294967295   4294967295   4294967295   4294967295   4294967295   4294967295   4294967295   4294967295   4294967295   4294967295   4294967295   4294967295   
leftchild: 1  169
rightchild: 2  0
leftchild: 3  169
rightchild: 4  0
leftchild: 7  169
rightchild: 8  0
leftchild: 15  169
rightchild: 16  0
leftchild: 31  48830
rightchild: 32  48830
search parent:15
finish 15 parent 0
FSMPage[
169
169    0    
169    0    0    0    
169    0    0    0    0    0    0    0    
169    0    0    0    0    0    0    0    0    0    0    0    0    0    0    0    
0   4294967295   4294967295   4294967295   4294967295   4294967295   4294967295   4294967295   4294967295   4294967295   4294967295   4294967295   4294967295   4294967295   4294967295   4294967295   
lower: 28  upper: 166 3, 3.3, ccc, 
TablePage[
  page_lsn: 0
  next_page_id: 4294967295
  lower: 28
  upper: 166
  slots: 
    0: offset 227, size 29 [deleted: 0, xmin: 4294967295, xmax: 4294967295, cid: 4294967295]
    1: offset 197, size 30 [deleted: 0, xmin: 4294967295, xmax: 4294967295, cid: 4294967295]
    2: offset 166, size 31 [deleted: 0, xmin: 4294967295, xmax: 4294967295, cid: 4294967295]
]

FSMPage[
169
169    0    
169    0    0    0    
169    0    0    0    0    0    0    0    
169    0    0    0    0    0    0    0    0    0    0    0    0    0    0    0    
0   4294967295   4294967295   4294967295   4294967295   4294967295   4294967295   4294967295   4294967295   4294967295   4294967295   4294967295   4294967295   4294967295   4294967295   4294967295   
update: 0 level_now: 0 new size: 134
TablePage[
  page_lsn: 0
  next_page_id: 4294967295
  lower: 28
  upper: 166
  slots: 
    0: offset 227, size 29 [deleted: 1, xmin: 4294967295, xmax: 4294967295, cid: 4294967295]
    1: offset 197, size 30 [deleted: 0, xmin: 4294967295, xmax: 4294967295, cid: 4294967295]
    2: offset 166, size 31 [deleted: 0, xmin: 4294967295, xmax: 4294967295, cid: 4294967295]
]

FSMPage[
134
134    0    
134    0    0    0    
134    0    0    0    0    0    0    0    
134    0    0    0    0    0    0    0    0    0    0    0    0    0    0    0    
0   4294967295   4294967295   4294967295   4294967295   4294967295   4294967295   4294967295   4294967295   4294967295   4294967295   4294967295   4294967295   4294967295   4294967295   4294967295   
search32
FSMPage[
134
134    0    
134    0    0    0    
134    0    0    0    0    0    0    0    
134    0    0    0    0    0    0    0    0    0    0    0    0    0    0    0    
0   4294967295   4294967295   4294967295   4294967295   4294967295   4294967295   4294967295   4294967295   4294967295   4294967295   4294967295   4294967295   4294967295   4294967295   4294967295   
leftchild: 1  134
rightchild: 2  0
leftchild: 3  134
rightchild: 4  0
leftchild: 7  134
rightchild: 8  0
leftchild: 15  134
rightchild: 16  0
leftchild: 31  48830
rightchild: 32  48830
search parent:15
finish 15 parent 0
FSMPage[
134
134    0    
134    0    0    0    
134    0    0    0    0    0    0    0    
134    0    0    0    0    0    0    0    0    0    0    0    0    0    0    0    
0   4294967295   4294967295   4294967295   4294967295   4294967295   4294967295   4294967295   4294967295   4294967295   4294967295   4294967295   4294967295   4294967295   4294967295   4294967295   
lower: 32  upper: 134 4, 4.4, dddd, 
TablePage[
  page_lsn: 0
  next_page_id: 4294967295
  lower: 32
  upper: 134
  slots: 
    0: offset 227, size 29 [deleted: 1, xmin: 4294967295, xmax: 4294967295, cid: 4294967295]
    1: offset 197, size 30 [deleted: 0, xmin: 4294967295, xmax: 4294967295, cid: 4294967295]
    2: offset 166, size 31 [deleted: 0, xmin: 4294967295, xmax: 4294967295, cid: 4294967295]
    3: offset 134, size 32 [deleted: 0, xmin: 4294967295, xmax: 4294967295, cid: 4294967295]
]

FSMPage[
134
134    0    
134    0    0    0    
134    0    0    0    0    0    0    0    
134    0    0    0    0    0    0    0    0    0    0    0    0    0    0    0    
0   4294967295   4294967295   4294967295   4294967295   4294967295   4294967295   4294967295   4294967295   4294967295   4294967295   4294967295   4294967295   4294967295   4294967295   4294967295   
update: 0 level_now: 0 new size: 98
FSMPage[
98
98    0    
98    0    0    0    
98    0    0    0    0    0    0    0    
98    0    0    0    0    0    0    0    0    0    0    0    0    0    0    0    
0   4294967295   4294967295   4294967295   4294967295   4294967295   4294967295   4294967295   4294967295   4294967295   4294967295   4294967295   4294967295   4294967295   4294967295   4294967295   
search33
FSMPage[
98
98    0    
98    0    0    0    
98    0    0    0    0    0    0    0    
98    0    0    0    0    0    0    0    0    0    0    0    0    0    0    0    
0   4294967295   4294967295   4294967295   4294967295   4294967295   4294967295   4294967295   4294967295   4294967295   4294967295   4294967295   4294967295   4294967295   4294967295   4294967295   
leftchild: 1  98
rightchild: 2  0
leftchild: 3  98
rightchild: 4  0
leftchild: 7  98
rightchild: 8  0
leftchild: 15  98
rightchild: 16  0
leftchild: 31  48830
rightchild: 32  48830
search parent:15
finish 15 parent 0
FSMPage[
98
98    0    
98    0    0    0    
98    0    0    0    0    0    0    0    
98    0    0    0    0    0    0    0    0    0    0    0    0    0    0    0    
0   4294967295   4294967295   4294967295   4294967295   4294967295   4294967295   4294967295   4294967295   4294967295   4294967295   4294967295   4294967295   4294967295   4294967295   4294967295   
lower: 36  upper: 101 5, 5.5, eeeee, 
TablePage[
  page_lsn: 0
  next_page_id: 4294967295
  lower: 36
  upper: 101
  slots: 
    0: offset 227, size 29 [deleted: 1, xmin: 4294967295, xmax: 4294967295, cid: 4294967295]
    1: offset 197, size 30 [deleted: 0, xmin: 4294967295, xmax: 4294967295, cid: 4294967295]
    2: offset 166, size 31 [deleted: 0, xmin: 4294967295, xmax: 4294967295, cid: 4294967295]
    3: offset 134, size 32 [deleted: 0, xmin: 4294967295, xmax: 4294967295, cid: 4294967295]
    4: offset 101, size 33 [deleted: 0, xmin: 4294967295, xmax: 4294967295, cid: 4294967295]
]

FSMPage[
98
98    0    
98    0    0    0    
98    0    0    0    0    0    0    0    
98    0    0    0    0    0    0    0    0    0    0    0    0    0    0    0    
0   4294967295   4294967295   4294967295   4294967295   4294967295   4294967295   4294967295   4294967295   4294967295   4294967295   4294967295   4294967295   4294967295   4294967295   4294967295   
update: 0 level_now: 0 new size: 61
FSMPage[
61
61    0    
61    0    0    0    
61    0    0    0    0    0    0    0    
61    0    0    0    0    0    0    0    0    0    0    0    0    0    0    0    
0   4294967295   4294967295   4294967295   4294967295   4294967295   4294967295   4294967295   4294967295   4294967295   4294967295   4294967295   4294967295   4294967295   4294967295   4294967295   
search34
FSMPage[
61
61    0    
61    0    0    0    
61    0    0    0    0    0    0    0    
61    0    0    0    0    0    0    0    0    0    0    0    0    0    0    0    
0   4294967295   4294967295   4294967295   4294967295   4294967295   4294967295   4294967295   4294967295   4294967295   4294967295   4294967295   4294967295   4294967295   4294967295   4294967295   
leftchild: 1  61
rightchild: 2  0
leftchild: 3  61
rightchild: 4  0
leftchild: 7  61
rightchild: 8  0
leftchild: 15  61
rightchild: 16  0
leftchild: 31  48830
rightchild: 32  48830
search parent:15
finish 15 parent 0
FSMPage[
61
61    0    
61    0    0    0    
61    0    0    0    0    0    0    0    
61    0    0    0    0    0    0    0    0    0    0    0    0    0    0    0    
0   4294967295   4294967295   4294967295   4294967295   4294967295   4294967295   4294967295   4294967295   4294967295   4294967295   4294967295   4294967295   4294967295   4294967295   4294967295   
lower: 40  upper: 67 6, 6.6, ffffff, 
TablePage[
  page_lsn: 0
  next_page_id: 4294967295
  lower: 40
  upper: 67
  slots: 
    0: offset 227, size 29 [deleted: 1, xmin: 4294967295, xmax: 4294967295, cid: 4294967295]
    1: offset 197, size 30 [deleted: 0, xmin: 4294967295, xmax: 4294967295, cid: 4294967295]
    2: offset 166, size 31 [deleted: 0, xmin: 4294967295, xmax: 4294967295, cid: 4294967295]
    3: offset 134, size 32 [deleted: 0, xmin: 4294967295, xmax: 4294967295, cid: 4294967295]
    4: offset 101, size 33 [deleted: 0, xmin: 4294967295, xmax: 4294967295, cid: 4294967295]
    5: offset 67, size 34 [deleted: 0, xmin: 4294967295, xmax: 4294967295, cid: 4294967295]
]

FSMPage[
61
61    0    
61    0    0    0    
61    0    0    0    0    0    0    0    
61    0    0    0    0    0    0    0    0    0    0    0    0    0    0    0    
0   4294967295   4294967295   4294967295   4294967295   4294967295   4294967295   4294967295   4294967295   4294967295   4294967295   4294967295   4294967295   4294967295   4294967295   4294967295   
update: 0 level_now: 0 new size: 23
TablePage[
  page_lsn: 0
  next_page_id: 4294967295
  lower: 40
  upper: 67
  slots: 
    0: offset 227, size 29 [deleted: 1, xmin: 4294967295, xmax: 4294967295, cid: 4294967295]
    1: offset 197, size 30 [deleted: 0, xmin: 4294967295, xmax: 4294967295, cid: 4294967295]
    2: offset 166, size 31 [deleted: 1, xmin: 4294967295, xmax: 4294967295, cid: 4294967295]
    3: offset 134, size 32 [deleted: 0, xmin: 4294967295, xmax: 4294967295, cid: 4294967295]
    4: offset 101, size 33 [deleted: 0, xmin: 4294967295, xmax: 4294967295, cid: 4294967295]
    5: offset 67, size 34 [deleted: 0, xmin: 4294967295, xmax: 4294967295, cid: 4294967295]
]

TablePage[
  page_lsn: 0
  next_page_id: 4294967295
  lower: 40
  upper: 67
  slots: 
    0: offset 227, size 29 [deleted: 1, xmin: 4294967295, xmax: 4294967295, cid: 4294967295]
    1: offset 197, size 30 [deleted: 0, xmin: 4294967295, xmax: 4294967295, cid: 4294967295]
    2: offset 166, size 31 [deleted: 1, xmin: 4294967295, xmax: 4294967295, cid: 4294967295]
    3: offset 134, size 32 [deleted: 1, xmin: 4294967295, xmax: 4294967295, cid: 4294967295]
    4: offset 101, size 33 [deleted: 0, xmin: 4294967295, xmax: 4294967295, cid: 4294967295]
    5: offset 67, size 34 [deleted: 0, xmin: 4294967295, xmax: 4294967295, cid: 4294967295]
]

FSMPage[
23
23    0    
23    0    0    0    
23    0    0    0    0    0    0    0    
23    0    0    0    0    0    0    0    0    0    0    0    0    0    0    0    
0   4294967295   4294967295   4294967295   4294967295   4294967295   4294967295   4294967295   4294967295   4294967295   4294967295   4294967295   4294967295   4294967295   4294967295   4294967295   
search35
FSMPage[
23
23    0    
23    0    0    0    
23    0    0    0    0    0    0    0    
23    0    0    0    0    0    0    0    0    0    0    0    0    0    0    0    
0   4294967295   4294967295   4294967295   4294967295   4294967295   4294967295   4294967295   4294967295   4294967295   4294967295   4294967295   4294967295   4294967295   4294967295   4294967295   
set next page id
lower: 20  upper: 221 7, 7.7, ggggggg, 
TablePage[
  page_lsn: 0
  next_page_id: 4294967295
  lower: 20
  upper: 221
  slots: 
    0: offset 221, size 35 [deleted: 0, xmin: 4294967295, xmax: 4294967295, cid: 4294967295]
]

FSMPage[
23
23    0    
23    0    0    0    
23    0    0    0    0    0    0    0    
23    0    0    0    0    0    0    0    0    0    0    0    0    0    0    0    
0   4294967295   4294967295   4294967295   4294967295   4294967295   4294967295   4294967295   4294967295   4294967295   4294967295   4294967295   4294967295   4294967295   4294967295   4294967295   
insert: 1    0

update: 1 level_now: 0 new size: 197
FSMPage[
197
197    0    
197    0    0    0    
197    0    0    0    0    0    0    0    
23    197    0    0    0    0    0    0    0    0    0    0    0    0    0    0    
0   2   4294967295   4294967295   4294967295   4294967295   4294967295   4294967295   4294967295   4294967295   4294967295   4294967295   4294967295   4294967295   4294967295   4294967295   
search36
FSMPage[
197
197    0    
197    0    0    0    
197    0    0    0    0    0    0    0    
23    197    0    0    0    0    0    0    0    0    0    0    0    0    0    0    
0   2   4294967295   4294967295   4294967295   4294967295   4294967295   4294967295   4294967295   4294967295   4294967295   4294967295   4294967295   4294967295   4294967295   4294967295   
leftchild: 1  197
rightchild: 2  0
leftchild: 3  197
rightchild: 4  0
leftchild: 7  197
rightchild: 8  0
leftchild: 15  23
rightchild: 16  197
leftchild: 33  48830
rightchild: 34  48830
search parent:16
finish 16 parent 2
FSMPage[
197
197    0    
197    0    0    0    
197    0    0    0    0    0    0    0    
23    197    0    0    0    0    0    0    0    0    0    0    0    0    0    0    
0   2   4294967295   4294967295   4294967295   4294967295   4294967295   4294967295   4294967295   4294967295   4294967295   4294967295   4294967295   4294967295   4294967295   4294967295   
lower: 24  upper: 185 8, 8.8, hhhhhhhh, 
TablePage[
  page_lsn: 0
  next_page_id: 4294967295
  lower: 24
  upper: 185
  slots: 
    0: offset 221, size 35 [deleted: 0, xmin: 4294967295, xmax: 4294967295, cid: 4294967295]
    1: offset 185, size 36 [deleted: 0, xmin: 4294967295, xmax: 4294967295, cid: 4294967295]
]

FSMPage[
197
197    0    
197    0    0    0    
197    0    0    0    0    0    0    0    
23    197    0    0    0    0    0    0    0    0    0    0    0    0    0    0    
0   2   4294967295   4294967295   4294967295   4294967295   4294967295   4294967295   4294967295   4294967295   4294967295   4294967295   4294967295   4294967295   4294967295   4294967295   
update: 1 level_now: 0 new size: 157
FSMPage[
157
157    0    
157    0    0    0    
157    0    0    0    0    0    0    0    
23    157    0    0    0    0    0    0    0    0    0    0    0    0    0    0    
0   2   4294967295   4294967295   4294967295   4294967295   4294967295   4294967295   4294967295   4294967295   4294967295   4294967295   4294967295   4294967295   4294967295   4294967295   
search37
FSMPage[
157
157    0    
157    0    0    0    
157    0    0    0    0    0    0    0    
23    157    0    0    0    0    0    0    0    0    0    0    0    0    0    0    
0   2   4294967295   4294967295   4294967295   4294967295   4294967295   4294967295   4294967295   4294967295   4294967295   4294967295   4294967295   4294967295   4294967295   4294967295   
leftchild: 1  157
rightchild: 2  0
leftchild: 3  157
rightchild: 4  0
leftchild: 7  157
rightchild: 8  0
leftchild: 15  23
rightchild: 16  157
leftchild: 33  48830
rightchild: 34  48830
search parent:16
finish 16 parent 2
FSMPage[
157
157    0    
157    0    0    0    
157    0    0    0    0    0    0    0    
23    157    0    0    0    0    0    0    0    0    0    0    0    0    0    0    
0   2   4294967295   4294967295   4294967295   4294967295   4294967295   4294967295   4294967295   4294967295   4294967295   4294967295   4294967295   4294967295   4294967295   4294967295   
lower: 28  upper: 148 9, 9.9, iiiiiiiii, 
TablePage[
  page_lsn: 0
  next_page_id: 4294967295
  lower: 28
  upper: 148
  slots: 
    0: offset 221, size 35 [deleted: 0, xmin: 4294967295, xmax: 4294967295, cid: 4294967295]
    1: offset 185, size 36 [deleted: 0, xmin: 4294967295, xmax: 4294967295, cid: 4294967295]
    2: offset 148, size 37 [deleted: 0, xmin: 4294967295, xmax: 4294967295, cid: 4294967295]
]

FSMPage[
157
157    0    
157    0    0    0    
157    0    0    0    0    0    0    0    
23    157    0    0    0    0    0    0    0    0    0    0    0    0    0    0    
0   2   4294967295   4294967295   4294967295   4294967295   4294967295   4294967295   4294967295   4294967295   4294967295   4294967295   4294967295   4294967295   4294967295   4294967295   
update: 1 level_now: 0 new size: 116
FSMPage[
116
116    0    
116    0    0    0    
116    0    0    0    0    0    0    0    
23    116    0    0    0    0    0    0    0    0    0    0    0    0    0    0    
0   2   4294967295   4294967295   4294967295   4294967295   4294967295   4294967295   4294967295   4294967295   4294967295   4294967295   4294967295   4294967295   4294967295   4294967295   
search38
FSMPage[
116
116    0    
116    0    0    0    
116    0    0    0    0    0    0    0    
23    116    0    0    0    0    0    0    0    0    0    0    0    0    0    0    
0   2   4294967295   4294967295   4294967295   4294967295   4294967295   4294967295   4294967295   4294967295   4294967295   4294967295   4294967295   4294967295   4294967295   4294967295   
leftchild: 1  116
rightchild: 2  0
leftchild: 3  116
rightchild: 4  0
leftchild: 7  116
rightchild: 8  0
leftchild: 15  23
rightchild: 16  116
leftchild: 33  48830
rightchild: 34  48830
search parent:16
finish 16 parent 2
FSMPage[
116
116    0    
116    0    0    0    
116    0    0    0    0    0    0    0    
23    116    0    0    0    0    0    0    0    0    0    0    0    0    0    0    
0   2   4294967295   4294967295   4294967295   4294967295   4294967295   4294967295   4294967295   4294967295   4294967295   4294967295   4294967295   4294967295   4294967295   4294967295   
lower: 32  upper: 110 10, 10.1, jjjjjjjjjj, 
TablePage[
  page_lsn: 0
  next_page_id: 4294967295
  lower: 32
  upper: 110
  slots: 
    0: offset 221, size 35 [deleted: 0, xmin: 4294967295, xmax: 4294967295, cid: 4294967295]
    1: offset 185, size 36 [deleted: 0, xmin: 4294967295, xmax: 4294967295, cid: 4294967295]
    2: offset 148, size 37 [deleted: 0, xmin: 4294967295, xmax: 4294967295, cid: 4294967295]
    3: offset 110, size 38 [deleted: 0, xmin: 4294967295, xmax: 4294967295, cid: 4294967295]
]

FSMPage[
116
116    0    
116    0    0    0    
116    0    0    0    0    0    0    0    
23    116    0    0    0    0    0    0    0    0    0    0    0    0    0    0    
0   2   4294967295   4294967295   4294967295   4294967295   4294967295   4294967295   4294967295   4294967295   4294967295   4294967295   4294967295   4294967295   4294967295   4294967295   
update: 1 level_now: 0 new size: 74
FSMPage[
74
74    0    
74    0    0    0    
74    0    0    0    0    0    0    0    
23    74    0    0    0    0    0    0    0    0    0    0    0    0    0    0    
0   2   4294967295   4294967295   4294967295   4294967295   4294967295   4294967295   4294967295   4294967295   4294967295   4294967295   4294967295   4294967295   4294967295   4294967295   
search39
FSMPage[
74
74    0    
74    0    0    0    
74    0    0    0    0    0    0    0    
23    74    0    0    0    0    0    0    0    0    0    0    0    0    0    0    
0   2   4294967295   4294967295   4294967295   4294967295   4294967295   4294967295   4294967295   4294967295   4294967295   4294967295   4294967295   4294967295   4294967295   4294967295   
leftchild: 1  74
rightchild: 2  0
leftchild: 3  74
rightchild: 4  0
leftchild: 7  74
rightchild: 8  0
leftchild: 15  23
rightchild: 16  74
leftchild: 33  48830
rightchild: 34  48830
search parent:16
finish 16 parent 2
FSMPage[
74
74    0    
74    0    0    0    
74    0    0    0    0    0    0    0    
23    74    0    0    0    0    0    0    0    0    0    0    0    0    0    0    
0   2   4294967295   4294967295   4294967295   4294967295   4294967295   4294967295   4294967295   4294967295   4294967295   4294967295   4294967295   4294967295   4294967295   4294967295   
lower: 36  upper: 71 11, 11.1, kkkkkkkkkkk, 
TablePage[
  page_lsn: 0
  next_page_id: 4294967295
  lower: 36
  upper: 71
  slots: 
    0: offset 221, size 35 [deleted: 0, xmin: 4294967295, xmax: 4294967295, cid: 4294967295]
    1: offset 185, size 36 [deleted: 0, xmin: 4294967295, xmax: 4294967295, cid: 4294967295]
    2: offset 148, size 37 [deleted: 0, xmin: 4294967295, xmax: 4294967295, cid: 4294967295]
    3: offset 110, size 38 [deleted: 0, xmin: 4294967295, xmax: 4294967295, cid: 4294967295]
    4: offset 71, size 39 [deleted: 0, xmin: 4294967295, xmax: 4294967295, cid: 4294967295]
]

FSMPage[
74
74    0    
74    0    0    0    
74    0    0    0    0    0    0    0    
23    74    0    0    0    0    0    0    0    0    0    0    0    0    0    0    
0   2   4294967295   4294967295   4294967295   4294967295   4294967295   4294967295   4294967295   4294967295   4294967295   4294967295   4294967295   4294967295   4294967295   4294967295   
update: 1 level_now: 0 new size: 31
TablePage[
  page_lsn: 0
  next_page_id: 4294967295
  lower: 36
  upper: 71
  slots: 
    0: offset 221, size 35 [deleted: 0, xmin: 4294967295, xmax: 4294967295, cid: 4294967295]
    1: offset 185, size 36 [deleted: 0, xmin: 4294967295, xmax: 4294967295, cid: 4294967295]
    2: offset 148, size 37 [deleted: 0, xmin: 4294967295, xmax: 4294967295, cid: 4294967295]
    3: offset 110, size 38 [deleted: 0, xmin: 4294967295, xmax: 4294967295, cid: 4294967295]
    4: offset 71, size 39 [deleted: 1, xmin: 4294967295, xmax: 4294967295, cid: 4294967295]
]

TablePage[
  page_lsn: 0
  next_page_id: 2
  lower: 40
  upper: 67
  slots: 
    0: offset 227, size 29 [deleted: 1, xmin: 4294967295, xmax: 4294967295, cid: 4294967295]
    1: offset 197, size 30 [deleted: 1, xmin: 4294967295, xmax: 4294967295, cid: 4294967295]
    2: offset 166, size 31 [deleted: 1, xmin: 4294967295, xmax: 4294967295, cid: 4294967295]
    3: offset 134, size 32 [deleted: 1, xmin: 4294967295, xmax: 4294967295, cid: 4294967295]
    4: offset 101, size 33 [deleted: 0, xmin: 4294967295, xmax: 4294967295, cid: 4294967295]
    5: offset 67, size 34 [deleted: 0, xmin: 4294967295, xmax: 4294967295, cid: 4294967295]
]

TablePage[
  page_lsn: 0
  next_page_id: 2
  lower: 40
  upper: 67
  slots: 
    0: offset 227, size 29 [deleted: 1, xmin: 4294967295, xmax: 4294967295, cid: 4294967295]
    1: offset 197, size 30 [deleted: 1, xmin: 4294967295, xmax: 4294967295, cid: 4294967295]
    2: offset 166, size 31 [deleted: 1, xmin: 4294967295, xmax: 4294967295, cid: 4294967295]
    3: offset 134, size 32 [deleted: 1, xmin: 4294967295, xmax: 4294967295, cid: 4294967295]
    4: offset 101, size 33 [deleted: 1, xmin: 4294967295, xmax: 4294967295, cid: 4294967295]
    5: offset 67, size 34 [deleted: 0, xmin: 4294967295, xmax: 4294967295, cid: 4294967295]
]

TablePage[
  page_lsn: 0
  next_page_id: 2
  lower: 40
  upper: 67
  slots: 
    0: offset 227, size 29 [deleted: 1, xmin: 4294967295, xmax: 4294967295, cid: 4294967295]
    1: offset 197, size 30 [deleted: 1, xmin: 4294967295, xmax: 4294967295, cid: 4294967295]
    2: offset 166, size 31 [deleted: 1, xmin: 4294967295, xmax: 4294967295, cid: 4294967295]
    3: offset 134, size 32 [deleted: 1, xmin: 4294967295, xmax: 4294967295, cid: 4294967295]
    4: offset 101, size 33 [deleted: 1, xmin: 4294967295, xmax: 4294967295, cid: 4294967295]
    5: offset 67, size 34 [deleted: 1, xmin: 4294967295, xmax: 4294967295, cid: 4294967295]
]

TablePage[
  page_lsn: 0
  next_page_id: 4294967295
  lower: 36
  upper: 71
  slots: 
    0: offset 221, size 35 [deleted: 1, xmin: 4294967295, xmax: 4294967295, cid: 4294967295]
    1: offset 185, size 36 [deleted: 0, xmin: 4294967295, xmax: 4294967295, cid: 4294967295]
    2: offset 148, size 37 [deleted: 0, xmin: 4294967295, xmax: 4294967295, cid: 4294967295]
    3: offset 110, size 38 [deleted: 0, xmin: 4294967295, xmax: 4294967295, cid: 4294967295]
    4: offset 71, size 39 [deleted: 1, xmin: 4294967295, xmax: 4294967295, cid: 4294967295]
]

TablePage[
  page_lsn: 0
  next_page_id: 4294967295
  lower: 36
  upper: 71
  slots: 
    0: offset 221, size 35 [deleted: 1, xmin: 4294967295, xmax: 4294967295, cid: 4294967295]
    1: offset 185, size 36 [deleted: 1, xmin: 4294967295, xmax: 4294967295, cid: 4294967295]
    2: offset 148, size 37 [deleted: 0, xmin: 4294967295, xmax: 4294967295, cid: 4294967295]
    3: offset 110, size 38 [deleted: 0, xmin: 4294967295, xmax: 4294967295, cid: 4294967295]
    4: offset 71, size 39 [deleted: 1, xmin: 4294967295, xmax: 4294967295, cid: 4294967295]
]

TablePage[
  page_lsn: 0
  next_page_id: 4294967295
  lower: 36
  upper: 71
  slots: 
    0: offset 221, size 35 [deleted: 1, xmin: 4294967295, xmax: 4294967295, cid: 4294967295]
    1: offset 185, size 36 [deleted: 1, xmin: 4294967295, xmax: 4294967295, cid: 4294967295]
    2: offset 148, size 37 [deleted: 1, xmin: 4294967295, xmax: 4294967295, cid: 4294967295]
    3: offset 110, size 38 [deleted: 0, xmin: 4294967295, xmax: 4294967295, cid: 4294967295]
    4: offset 71, size 39 [deleted: 1, xmin: 4294967295, xmax: 4294967295, cid: 4294967295]
]

TablePage[
  page_lsn: 0
  next_page_id: 4294967295
  lower: 36
  upper: 71
  slots: 
    0: offset 221, size 35 [deleted: 1, xmin: 4294967295, xmax: 4294967295, cid: 4294967295]
    1: offset 185, size 36 [deleted: 1, xmin: 4294967295, xmax: 4294967295, cid: 4294967295]
    2: offset 148, size 37 [deleted: 1, xmin: 4294967295, xmax: 4294967295, cid: 4294967295]
    3: offset 110, size 38 [deleted: 1, xmin: 4294967295, xmax: 4294967295, cid: 4294967295]
    4: offset 71, size 39 [deleted: 1, xmin: 4294967295, xmax: 4294967295, cid: 4294967295]
]

FSMPage[
31
31    0    
31    0    0    0    
31    0    0    0    0    0    0    0    
23    31    0    0    0    0    0    0    0    0    0    0    0    0    0    0    
0   2   4294967295   4294967295   4294967295   4294967295   4294967295   4294967295   4294967295   4294967295   4294967295   4294967295   4294967295   4294967295   4294967295   4294967295   
search29
FSMPage[
31
31    0    
31    0    0    0    
31    0    0    0    0    0    0    0    
23    31    0    0    0    0    0    0    0    0    0    0    0    0    0    0    
0   2   4294967295   4294967295   4294967295   4294967295   4294967295   4294967295   4294967295   4294967295   4294967295   4294967295   4294967295   4294967295   4294967295   4294967295   
leftchild: 1  31
rightchild: 2  0
leftchild: 3  31
rightchild: 4  0
leftchild: 7  31
rightchild: 8  0
leftchild: 15  23
rightchild: 16  31
leftchild: 33  48830
rightchild: 34  48830
search parent:16
finish 16 parent 2
FSMPage[
31
31    0    
31    0    0    0    
31    0    0    0    0    0    0    0    
23    31    0    0    0    0    0    0    0    0    0    0    0    0    0    0    
0   2   4294967295   4294967295   4294967295   4294967295   4294967295   4294967295   4294967295   4294967295   4294967295   4294967295   4294967295   4294967295   4294967295   4294967295   
lower: 40  upper: 42 1, 1.1, a, 
TablePage[
  page_lsn: 0
  next_page_id: 4294967295
  lower: 40
  upper: 42
  slots: 
    0: offset 221, size 35 [deleted: 1, xmin: 4294967295, xmax: 4294967295, cid: 4294967295]
    1: offset 185, size 36 [deleted: 1, xmin: 4294967295, xmax: 4294967295, cid: 4294967295]
    2: offset 148, size 37 [deleted: 1, xmin: 4294967295, xmax: 4294967295, cid: 4294967295]
    3: offset 110, size 38 [deleted: 1, xmin: 4294967295, xmax: 4294967295, cid: 4294967295]
    4: offset 71, size 39 [deleted: 1, xmin: 4294967295, xmax: 4294967295, cid: 4294967295]
    5: offset 42, size 29 [deleted: 0, xmin: 4294967295, xmax: 4294967295, cid: 4294967295]
]

FSMPage[
31
31    0    
31    0    0    0    
31    0    0    0    0    0    0    0    
23    31    0    0    0    0    0    0    0    0    0    0    0    0    0    0    
0   2   4294967295   4294967295   4294967295   4294967295   4294967295   4294967295   4294967295   4294967295   4294967295   4294967295   4294967295   4294967295   4294967295   4294967295   
update: 1 level_now: 0 new size: 0
FSMPage[
23
23    0    
23    0    0    0    
23    0    0    0    0    0    0    0    
23    0    0    0    0    0    0    0    0    0    0    0    0    0    0    0    
0   2   4294967295   4294967295   4294967295   4294967295   4294967295   4294967295   4294967295   4294967295   4294967295   4294967295   4294967295   4294967295   4294967295   4294967295   
search30
FSMPage[
23
23    0    
23    0    0    0    
23    0    0    0    0    0    0    0    
23    0    0    0    0    0    0    0    0    0    0    0    0    0    0    0    
0   2   4294967295   4294967295   4294967295   4294967295   4294967295   4294967295   4294967295   4294967295   4294967295   4294967295   4294967295   4294967295   4294967295   4294967295   
set next page id
lower: 20  upper: 226 2, 2.2, bb, 
TablePage[
  page_lsn: 0
  next_page_id: 4294967295
  lower: 20
  upper: 226
  slots: 
    0: offset 226, size 30 [deleted: 0, xmin: 4294967295, xmax: 4294967295, cid: 4294967295]
]

FSMPage[
23
23    0    
23    0    0    0    
23    0    0    0    0    0    0    0    
23    0    0    0    0    0    0    0    0    0    0    0    0    0    0    0    
0   2   4294967295   4294967295   4294967295   4294967295   4294967295   4294967295   4294967295   4294967295   4294967295   4294967295   4294967295   4294967295   4294967295   4294967295   
insert: 2    0

update: 2 level_now: 0 new size: 202
TablePage[
  page_lsn: 0
  next_page_id: 4
  lower: 40
  upper: 42
  slots: 
    0: offset 221, size 35 [deleted: 1, xmin: 4294967295, xmax: 4294967295, cid: 4294967295]
    1: offset 185, size 36 [deleted: 1, xmin: 4294967295, xmax: 4294967295, cid: 4294967295]
    2: offset 148, size 37 [deleted: 1, xmin: 4294967295, xmax: 4294967295, cid: 4294967295]
    3: offset 110, size 38 [deleted: 1, xmin: 4294967295, xmax: 4294967295, cid: 4294967295]
    4: offset 71, size 39 [deleted: 1, xmin: 4294967295, xmax: 4294967295, cid: 4294967295]
    5: offset 42, size 29 [deleted: 1, xmin: 4294967295, xmax: 4294967295, cid: 4294967295]
]

TablePage[
  page_lsn: 0
  next_page_id: 4294967295
  lower: 20
  upper: 226
  slots: 
    0: offset 226, size 30 [deleted: 1, xmin: 4294967295, xmax: 4294967295, cid: 4294967295]
]

TablePage[
  page_lsn: 0
  next_page_id: 4294967295
  lower: 24
  upper: 49
  slots: 
    0: offset 132, size 124 [deleted: 0, xmin: 4294967295, xmax: 4294967295, cid: 4294967295]
    1: offset 49, size 83 [deleted: 1, xmin: 4294967295, xmax: 4294967295, cid: 4294967295]
]

[1m[32mPASS[0m
